<?xml version="1.0" encoding="UTF-8"?>
<!-- Generated by org.testng.reporters.JUnitReportReporter -->
<testsuite hostname="MSI" failures="0" tests="4" name="testCases.TC003_LoginDDT" time="36.041" errors="0" timestamp="2024-08-29T18:24:42 CEST" skipped="0">
  <testcase classname="testCases.TC003_LoginDDT" name="loginddt" time="11.293"/>
  <system-out/>
  <testcase classname="testCases.TC003_LoginDDT" name="loginddt" time="11.474"/>
  <system-out/>
  <testcase classname="testCases.TC003_LoginDDT" name="loginddt" time="2.192"/>
  <system-out/>
  <testcase classname="testCases.TC003_LoginDDT" name="loginddt" time="11.082"/>
  <system-out/>
</testsuite> <!-- testCases.TC003_LoginDDT -->
