<?xml version="1.0" encoding="UTF-8"?>
<!-- Generated by org.testng.reporters.JUnitReportReporter -->
<testsuite hostname="MSI" failures="0" tests="1" name="testCases.TC004_MacToCart" time="2.622" errors="0" timestamp="2024-09-02T23:15:05 CEST" skipped="0">
  <testcase classname="testCases.TC004_MacToCart" name="Addmac" time="2.622"/>
  <system-out/>
</testsuite> <!-- testCases.TC004_MacToCart -->
