<?xml version="1.0" encoding="UTF-8"?>
<!-- Generated by org.testng.reporters.JUnitReportReporter -->
<testsuite hostname="MSI" failures="0" tests="1" name="testCases.TC005_SamsungToCart" time="6.105" errors="0" timestamp="2024-09-03T15:04:06 CEST" skipped="0">
  <testcase classname="testCases.TC005_SamsungToCart" name="SamsungToCart" time="6.105"/>
  <system-out/>
</testsuite> <!-- testCases.TC005_SamsungToCart -->
