<?xml version="1.0" encoding="UTF-8"?>
<!-- Generated by org.testng.reporters.JUnitReportReporter -->
<testsuite hostname="MSI" failures="0" tests="1" name="testCases.TC001_AccReg" time="2.254" errors="0" timestamp="2024-08-31T12:58:11 CEST" skipped="0">
  <testcase classname="testCases.TC001_AccReg" name="accregistartion" time="2.254"/>
  <system-out/>
</testsuite> <!-- testCases.TC001_AccReg -->
