<?xml version="1.0" encoding="UTF-8"?>
<!-- Generated by org.testng.reporters.JUnitReportReporter -->
<testsuite hostname="MSI" failures="0" tests="1" name="testCases.TC004_MacToCart" time="3.136" errors="0" timestamp="2024-09-05T23:49:21 CEST" skipped="0">
  <testcase classname="testCases.TC004_MacToCart" name="Addmac" time="3.136"/>
</testsuite> <!-- testCases.TC004_MacToCart -->
