<?xml version="1.0" encoding="UTF-8"?>
<!-- Generated by org.testng.reporters.JUnitReportReporter -->
<testsuite hostname="MSI" failures="0" tests="1" name="testCases.TC005_SamsungToCart" time="3.425" errors="0" timestamp="2024-09-05T23:49:21 CEST" skipped="0">
  <testcase classname="testCases.TC005_SamsungToCart" name="SamsungToCart" time="3.425"/>
</testsuite> <!-- testCases.TC005_SamsungToCart -->
